Determining if the pthread_create exist failed with the following output:
Change Dir: /home/dongxiao/catkin_ws/src/mylocalization/build/CMakeFiles/CMakeTmp

Run Build Command:"/usr/bin/make" "cmTC_61d3b/fast"
/usr/bin/make -f CMakeFiles/cmTC_61d3b.dir/build.make CMakeFiles/cmTC_61d3b.dir/build
make[1]: Entering directory '/home/dongxiao/catkin_ws/src/mylocalization/build/CMakeFiles/CMakeTmp'
Building C object CMakeFiles/cmTC_61d3b.dir/CheckSymbolExists.c.o
/usr/bin/gcc-7    -o CMakeFiles/cmTC_61d3b.dir/CheckSymbolExists.c.o   -c /home/dongxiao/catkin_ws/src/mylocalization/build/CMakeFiles/CMakeTmp/CheckSymbolExists.c
Linking C executable cmTC_61d3b
/usr/bin/cmake -E cmake_link_script CMakeFiles/cmTC_61d3b.dir/link.txt --verbose=1
/usr/bin/gcc-7      -rdynamic CMakeFiles/cmTC_61d3b.dir/CheckSymbolExists.c.o  -o cmTC_61d3b 
CMakeFiles/cmTC_61d3b.dir/CheckSymbolExists.c.o: In function `main':
CheckSymbolExists.c:(.text+0x1b): undefined reference to `pthread_create'
collect2: error: ld returned 1 exit status
CMakeFiles/cmTC_61d3b.dir/build.make:97: recipe for target 'cmTC_61d3b' failed
make[1]: *** [cmTC_61d3b] Error 1
make[1]: Leaving directory '/home/dongxiao/catkin_ws/src/mylocalization/build/CMakeFiles/CMakeTmp'
Makefile:126: recipe for target 'cmTC_61d3b/fast' failed
make: *** [cmTC_61d3b/fast] Error 2

File /home/dongxiao/catkin_ws/src/mylocalization/build/CMakeFiles/CMakeTmp/CheckSymbolExists.c:
/* */
#include <pthread.h>

int main(int argc, char** argv)
{
  (void)argv;
#ifndef pthread_create
  return ((int*)(&pthread_create))[argc];
#else
  (void)argc;
  return 0;
#endif
}

Determining if the function pthread_create exists in the pthreads failed with the following output:
Change Dir: /home/dongxiao/catkin_ws/src/mylocalization/build/CMakeFiles/CMakeTmp

Run Build Command:"/usr/bin/make" "cmTC_be60c/fast"
/usr/bin/make -f CMakeFiles/cmTC_be60c.dir/build.make CMakeFiles/cmTC_be60c.dir/build
make[1]: Entering directory '/home/dongxiao/catkin_ws/src/mylocalization/build/CMakeFiles/CMakeTmp'
Building C object CMakeFiles/cmTC_be60c.dir/CheckFunctionExists.c.o
/usr/bin/gcc-7   -DCHECK_FUNCTION_EXISTS=pthread_create   -o CMakeFiles/cmTC_be60c.dir/CheckFunctionExists.c.o   -c /usr/share/cmake-3.10/Modules/CheckFunctionExists.c
Linking C executable cmTC_be60c
/usr/bin/cmake -E cmake_link_script CMakeFiles/cmTC_be60c.dir/link.txt --verbose=1
/usr/bin/gcc-7  -DCHECK_FUNCTION_EXISTS=pthread_create    -rdynamic CMakeFiles/cmTC_be60c.dir/CheckFunctionExists.c.o  -o cmTC_be60c -lpthreads 
/usr/bin/ld: cannot find -lpthreads
collect2: error: ld returned 1 exit status
CMakeFiles/cmTC_be60c.dir/build.make:97: recipe for target 'cmTC_be60c' failed
make[1]: *** [cmTC_be60c] Error 1
make[1]: Leaving directory '/home/dongxiao/catkin_ws/src/mylocalization/build/CMakeFiles/CMakeTmp'
Makefile:126: recipe for target 'cmTC_be60c/fast' failed
make: *** [cmTC_be60c/fast] Error 2


