Determining if the pthread_create exist failed with the following output:
Change Dir: /home/dongxiao/catkin_ws/src/mylocalization/build/CMakeFiles/CMakeTmp

Run Build Command:"/usr/bin/make" "cmTC_3d19d/fast"
/usr/bin/make -f CMakeFiles/cmTC_3d19d.dir/build.make CMakeFiles/cmTC_3d19d.dir/build
make[1]: Entering directory '/home/dongxiao/catkin_ws/src/mylocalization/build/CMakeFiles/CMakeTmp'
Building C object CMakeFiles/cmTC_3d19d.dir/CheckSymbolExists.c.o
/usr/bin/gcc-7    -o CMakeFiles/cmTC_3d19d.dir/CheckSymbolExists.c.o   -c /home/dongxiao/catkin_ws/src/mylocalization/build/CMakeFiles/CMakeTmp/CheckSymbolExists.c
Linking C executable cmTC_3d19d
/usr/bin/cmake -E cmake_link_script CMakeFiles/cmTC_3d19d.dir/link.txt --verbose=1
/usr/bin/gcc-7      -rdynamic CMakeFiles/cmTC_3d19d.dir/CheckSymbolExists.c.o  -o cmTC_3d19d 
CMakeFiles/cmTC_3d19d.dir/CheckSymbolExists.c.o: In function `main':
CheckSymbolExists.c:(.text+0x1b): undefined reference to `pthread_create'
collect2: error: ld returned 1 exit status
CMakeFiles/cmTC_3d19d.dir/build.make:97: recipe for target 'cmTC_3d19d' failed
make[1]: *** [cmTC_3d19d] Error 1
make[1]: Leaving directory '/home/dongxiao/catkin_ws/src/mylocalization/build/CMakeFiles/CMakeTmp'
Makefile:126: recipe for target 'cmTC_3d19d/fast' failed
make: *** [cmTC_3d19d/fast] Error 2

File /home/dongxiao/catkin_ws/src/mylocalization/build/CMakeFiles/CMakeTmp/CheckSymbolExists.c:
/* */
#include <pthread.h>

int main(int argc, char** argv)
{
  (void)argv;
#ifndef pthread_create
  return ((int*)(&pthread_create))[argc];
#else
  (void)argc;
  return 0;
#endif
}

Determining if the function pthread_create exists in the pthreads failed with the following output:
Change Dir: /home/dongxiao/catkin_ws/src/mylocalization/build/CMakeFiles/CMakeTmp

Run Build Command:"/usr/bin/make" "cmTC_0a1f8/fast"
/usr/bin/make -f CMakeFiles/cmTC_0a1f8.dir/build.make CMakeFiles/cmTC_0a1f8.dir/build
make[1]: Entering directory '/home/dongxiao/catkin_ws/src/mylocalization/build/CMakeFiles/CMakeTmp'
Building C object CMakeFiles/cmTC_0a1f8.dir/CheckFunctionExists.c.o
/usr/bin/gcc-7   -DCHECK_FUNCTION_EXISTS=pthread_create   -o CMakeFiles/cmTC_0a1f8.dir/CheckFunctionExists.c.o   -c /usr/share/cmake-3.10/Modules/CheckFunctionExists.c
Linking C executable cmTC_0a1f8
/usr/bin/cmake -E cmake_link_script CMakeFiles/cmTC_0a1f8.dir/link.txt --verbose=1
/usr/bin/gcc-7  -DCHECK_FUNCTION_EXISTS=pthread_create    -rdynamic CMakeFiles/cmTC_0a1f8.dir/CheckFunctionExists.c.o  -o cmTC_0a1f8 -lpthreads 
/usr/bin/ld: cannot find -lpthreads
collect2: error: ld returned 1 exit status
CMakeFiles/cmTC_0a1f8.dir/build.make:97: recipe for target 'cmTC_0a1f8' failed
make[1]: *** [cmTC_0a1f8] Error 1
make[1]: Leaving directory '/home/dongxiao/catkin_ws/src/mylocalization/build/CMakeFiles/CMakeTmp'
Makefile:126: recipe for target 'cmTC_0a1f8/fast' failed
make: *** [cmTC_0a1f8/fast] Error 2


